# JRE version: Java(TM) SE Runtime Environment (8.0_51-b16) (build 1.8.0_51-b16)
# Java VM: Java HotSpot(TM) 64-Bit Server VM (25.51-b03 mixed mode windows-amd64 compressed oops)
Heap:
 PSYoungGen      total 75776K, used 41690K [0x00000000eab00000, 0x00000000f0700000, 0x0000000100000000)
  eden space 65024K, 48% used [0x00000000eab00000,0x00000000ec981cf8,0x00000000eea80000)
  from space 10752K, 97% used [0x00000000ef500000,0x00000000eff34d60,0x00000000eff80000)
  to   space 10752K, 0% used [0x00000000eea80000,0x00000000eea80000,0x00000000ef500000)
 ParOldGen       total 310784K, used 170999K [0x00000000c0000000, 0x00000000d2f80000, 0x00000000eab00000)
  object space 310784K, 55% used [0x00000000c0000000,0x00000000ca6fdfe8,0x00000000d2f80000)
 Metaspace       used 29565K, capacity 29884K, committed 30384K, reserved 1075200K
  class space    used 3559K, capacity 3645K, committed 3760K, reserved 1048576K
GC Heap History (6 events):
Event: 0.836 GC heap before
{Heap before GC invocations=1 (full 0):
 PSYoungGen      total 75776K, used 38986K [0x00000000eab00000, 0x00000000eff80000, 0x0000000100000000)
  eden space 65024K, 59% used [0x00000000eab00000,0x00000000ed112a98,0x00000000eea80000)
  from space 10752K, 0% used [0x00000000ef500000,0x00000000ef500000,0x00000000eff80000)
  to   space 10752K, 0% used [0x00000000eea80000,0x00000000eea80000,0x00000000ef500000)
 ParOldGen       total 173568K, used 163840K [0x00000000c0000000, 0x00000000ca980000, 0x00000000eab00000)
  object space 173568K, 94% used [0x00000000c0000000,0x00000000ca000010,0x00000000ca980000)
 Metaspace       used 20901K, capacity 21124K, committed 21296K, reserved 1069056K
  class space    used 2456K, capacity 2574K, committed 2608K, reserved 1048576K
Event: 0.841 GC heap after
Heap after GC invocations=1 (full 0):
 PSYoungGen      total 75776K, used 7296K [0x00000000eab00000, 0x00000000eff80000, 0x0000000100000000)
  eden space 65024K, 0% used [0x00000000eab00000,0x00000000eab00000,0x00000000eea80000)
  from space 10752K, 67% used [0x00000000eea80000,0x00000000ef1a0058,0x00000000ef500000)
  to   space 10752K, 0% used [0x00000000ef500000,0x00000000ef500000,0x00000000eff80000)
 ParOldGen       total 173568K, used 163928K [0x00000000c0000000, 0x00000000ca980000, 0x00000000eab00000)
  object space 173568K, 94% used [0x00000000c0000000,0x00000000ca016020,0x00000000ca980000)
 Metaspace       used 20901K, capacity 21124K, committed 21296K, reserved 1069056K
  class space    used 2456K, capacity 2574K, committed 2608K, reserved 1048576K
}
Event: 0.841 GC heap before
{Heap before GC invocations=2 (full 1):
 PSYoungGen      total 75776K, used 7296K [0x00000000eab00000, 0x00000000eff80000, 0x0000000100000000)
  eden space 65024K, 0% used [0x00000000eab00000,0x00000000eab00000,0x00000000eea80000)
  from space 10752K, 67% used [0x00000000eea80000,0x00000000ef1a0058,0x00000000ef500000)
  to   space 10752K, 0% used [0x00000000ef500000,0x00000000ef500000,0x00000000eff80000)
 ParOldGen       total 173568K, used 163928K [0x00000000c0000000, 0x00000000ca980000, 0x00000000eab00000)
  object space 173568K, 94% used [0x00000000c0000000,0x00000000ca016020,0x00000000ca980000)
 Metaspace       used 20901K, capacity 21124K, committed 21296K, reserved 1069056K
  class space    used 2456K, capacity 2574K, committed 2608K, reserved 1048576K
Event: 0.865 GC heap after
Heap after GC invocations=2 (full 1):
 PSYoungGen      total 75776K, used 0K [0x00000000eab00000, 0x00000000eff80000, 0x0000000100000000)
  eden space 65024K, 0% used [0x00000000eab00000,0x00000000eab00000,0x00000000eea80000)
  from space 10752K, 0% used [0x00000000eea80000,0x00000000eea80000,0x00000000ef500000)
  to   space 10752K, 0% used [0x00000000ef500000,0x00000000ef500000,0x00000000eff80000)
 ParOldGen       total 310784K, used 170991K [0x00000000c0000000, 0x00000000d2f80000, 0x00000000eab00000)
  object space 310784K, 55% used [0x00000000c0000000,0x00000000ca6fbfe8,0x00000000d2f80000)
 Metaspace       used 20901K, capacity 21124K, committed 21296K, reserved 1069056K
  class space    used 2456K, capacity 2574K, committed 2608K, reserved 1048576K
}
Event: 6.832 GC heap before
{Heap before GC invocations=3 (full 1):
 PSYoungGen      total 75776K, used 65024K [0x00000000eab00000, 0x00000000eff80000, 0x0000000100000000)
  eden space 65024K, 100% used [0x00000000eab00000,0x00000000eea80000,0x00000000eea80000)
  from space 10752K, 0% used [0x00000000eea80000,0x00000000eea80000,0x00000000ef500000)
  to   space 10752K, 0% used [0x00000000ef500000,0x00000000ef500000,0x00000000eff80000)
 ParOldGen       total 310784K, used 170991K [0x00000000c0000000, 0x00000000d2f80000, 0x00000000eab00000)
  object space 310784K, 55% used [0x00000000c0000000,0x00000000ca6fbfe8,0x00000000d2f80000)
 Metaspace       used 28753K, capacity 29052K, committed 29488K, reserved 1075200K
  class space    used 3452K, capacity 3581K, committed 3632K, reserved 1048576K
Event: 6.838 GC heap after
Heap after GC invocations=3 (full 1):
 PSYoungGen      total 75776K, used 10451K [0x00000000eab00000, 0x00000000f0700000, 0x0000000100000000)
  eden space 65024K, 0% used [0x00000000eab00000,0x00000000eab00000,0x00000000eea80000)
  from space 10752K, 97% used [0x00000000ef500000,0x00000000eff34d60,0x00000000eff80000)
  to   space 10752K, 0% used [0x00000000eea80000,0x00000000eea80000,0x00000000ef500000)
 ParOldGen       total 310784K, used 170999K [0x00000000c0000000, 0x00000000d2f80000, 0x00000000eab00000)
  object space 310784K, 55% used [0x00000000c0000000,0x00000000ca6fdfe8,0x00000000d2f80000)
 Metaspace       used 28753K, capacity 29052K, committed 29488K, reserved 1075200K
  class space    used 3452K, capacity 3581K, committed 3632K, reserved 1048576K
}

